#
# Copyright 2005 Nexenta Systems, Inc.  All rights reserved.
# Use is subject to license terms.
#
# $Id: hdd_grub_menu.txt 17654 2006-03-10 20:40:48Z mac $
#

# default menu entry to boot
default 0

# menu timeout in second before default OS is booted
# set to -1 to wait for user input
timeout 30

# To enable grub serial console to ttya uncomment the following lines
# and comment out the splashimage line below
# WARNING: don't enable grub serial console when BIOS console serial
#	redirection is active!!!
#   serial --unit=0 --speed=9600
#   terminal serial

# Uncomment the following line to enable GRUB splashimage on console
# splashimage=/boot/grub/nexenta.xpm.gz
background 0000FF

# To chainload another OS
#
# title Another OS
#	root (hd<disk no>,<partition no>)
#	chainloader +1
#
# To chainload a Solaris release not based on grub
#
# title Solaris 9
#	root (hd<disk no>,<partition no>)
#	chainloader +1
#	makeactive
#
# To load a Solaris instance based on grub
#
# title Solaris <version>
#	root (hd<disk no>,<partition no>,x)	--x = Solaris root slice
#	kernel /platform/i86pc/multiboot
#	module /platform/i86pc/boot_archive
#
# To override Solaris boot args (see kernel(1M)), console device and
# properties set via eeprom(1M) edit the "kernel" line to:
#
#   kernel /platform/i86pc/multiboot <boot-args> -B prop1=val1,prop2=val2,...
#	kernel /images/kernel/vmlinuz.centos7_1 nofb text inst.stage2=hd:LABEL=LINUX inst.ks=(cd)/configs/ks.cfg inst.repo= ip=1.1.1.1 
title Install CentOS 7.2 (64-bit)
	root (cd)
	kernel /images/kernel/vmlinuz.centos7_2 nofb text noshell net.ifnames=0 ip=dhcp inst.cmdline inst.text inst.ks=cdrom:/configs/ks.cfg inst.repo=http://mirror.centos.org/centos/7.2.1511/os/x86_64/
	initrd /images/initrd/initrd.centos7_2
title Install CentOS 7.1 (64-bit)
	root (cd)
	kernel /images/kernel/vmlinuz.centos7_1 nofb text noshell net.ifnames=0 ip=dhcp inst.cmdline inst.text inst.ks=cdrom:/configs/ks.cfg inst.repo=http://mirror.centos.org/centos/7.1.1503/os/x86_64/
	initrd /images/initrd/initrd.centos7_1
title Install NexentaStor Community Edition (64-bit)
	root (cd)
	kernel$ /platform/i86pc/kernel/amd64/unix -B atapi-cd-dma-enabled=0
	module$ /platform/i86pc/amd64/miniroot
title Memory Subsystem Test (Hardware Verification)
	root (cd)
	kernel /boot/memtest86+.bin
title Recovery Console
	root (cd)
	kernel$ /platform/i86pc/kernel/amd64/unix -B atapi-cd-dma-enabled=0 -s
	module$ /platform/i86pc/amd64/miniroot
title Boot from Local HDD
	root (hd0,0)
	chainloader +1
